<?xml version="1.0" encoding="UTF-8"?>
<!-- Generated by org.testng.reporters.JUnitReportReporter -->
<testsuite hostname="LAPTOP-DMCL3R6Q" failures="0" tests="5" name="testCases.LoginTest" time="41.088" errors="0" timestamp="2022-12-20T21:28:56 CST" skipped="0">
  <testcase classname="testCases.LoginTest" name="verifyLoginWithValidCredentials" time="6.094"/>
  <system-out/>
  <testcase classname="testCases.LoginTest" name="verifyLoginWithInValidCredentials" time="4.760"/>
  <system-out/>
  <testcase classname="testCases.LoginTest" name="verifyLoginWithInvalidEmailidValidPassword" time="13.188"/>
  <system-out/>
  <testcase classname="testCases.LoginTest" name="verifyLoginWithValidEmailidInValidPassword" time="5.059"/>
  <system-out/>
  <testcase classname="testCases.LoginTest" name="verifyLoginWithNoCredentials" time="11.987"/>
  <system-out/>
</testsuite> <!-- testCases.LoginTest -->
