<?xml version="1.0" encoding="UTF-8"?>
<!-- Generated by org.testng.reporters.JUnitReportReporter -->
<testsuite hostname="LAPTOP-DMCL3R6Q" failures="0" tests="5" name="com.qa.ninjatutorials.testcases.LoginTest" time="50.642" errors="0" timestamp="2022-12-20T21:36:50 CST" skipped="0">
  <testcase classname="com.qa.ninjatutorials.testcases.LoginTest" name="verifyLoginWithValidCredentials" time="6.129"/>
  <system-out/>
  <testcase classname="com.qa.ninjatutorials.testcases.LoginTest" name="verifyLoginWithInValidCredentials" time="7.983"/>
  <system-out/>
  <testcase classname="com.qa.ninjatutorials.testcases.LoginTest" name="verifyLoginWithInvalidEmailidValidPassword" time="13.707"/>
  <system-out/>
  <testcase classname="com.qa.ninjatutorials.testcases.LoginTest" name="verifyLoginWithValidEmailidInValidPassword" time="14.919"/>
  <system-out/>
  <testcase classname="com.qa.ninjatutorials.testcases.LoginTest" name="verifyLoginWithNoCredentials" time="7.904"/>
  <system-out/>
</testsuite> <!-- com.qa.ninjatutorials.testcases.LoginTest -->
